2022-05-10 12:41:15,159 INFO o.s.b.StartupInfoLogger [main] Starting RecruitmentTaskApplication using Java 17.0.2 on PPUC-D14-073 with PID 9460 (C:\Users\michal.ulik\EnveloProjects\recruitment-task\target\classes started by michal.ulik in C:\Users\michal.ulik\EnveloProjects\recruitment-task)
2022-05-10 12:41:15,166 INFO o.s.b.SpringApplication [main] No active profile set, falling back to 1 default profile: "default"
2022-05-10 12:41:15,724 INFO o.s.d.r.c.RepositoryConfigurationDelegate [main] Bootstrapping Spring Data JPA repositories in DEFAULT mode.
2022-05-10 12:41:15,743 INFO o.s.d.r.c.RepositoryConfigurationDelegate [main] Finished Spring Data repository scanning in 9 ms. Found 0 JPA repository interfaces.
2022-05-10 12:41:16,170 INFO o.s.b.w.e.t.TomcatWebServer [main] Tomcat initialized with port(s): 8080 (http)
2022-05-10 12:41:16,176 INFO o.a.j.l.DirectJDKLog [main] Initializing ProtocolHandler ["http-nio-8080"]
2022-05-10 12:41:16,177 INFO o.a.j.l.DirectJDKLog [main] Starting service [Tomcat]
2022-05-10 12:41:16,178 INFO o.a.j.l.DirectJDKLog [main] Starting Servlet engine: [Apache Tomcat/9.0.62]
2022-05-10 12:41:16,269 INFO o.a.j.l.DirectJDKLog [main] Initializing Spring embedded WebApplicationContext
2022-05-10 12:41:16,269 INFO o.s.b.w.s.c.ServletWebServerApplicationContext [main] Root WebApplicationContext: initialization completed in 1066 ms
2022-05-10 12:41:16,293 INFO c.z.h.HikariDataSource [main] HikariPool-1 - Starting...
2022-05-10 12:41:16,379 INFO c.z.h.HikariDataSource [main] HikariPool-1 - Start completed.
2022-05-10 12:41:16,391 INFO o.s.b.a.h.H2ConsoleAutoConfiguration [main] H2 console available at '/console'. Database available at 'jdbc:h2:file:./logs'
2022-05-10 12:41:16,489 INFO o.h.j.i.u.LogHelper [main] HHH000204: Processing PersistenceUnitInfo [name: default]
2022-05-10 12:41:16,527 INFO o.h.Version [main] HHH000412: Hibernate ORM core version 5.6.8.Final
2022-05-10 12:41:16,630 INFO o.h.a.c.r.j.JavaReflectionManager [main] HCANN000001: Hibernate Commons Annotations {5.1.2.Final}
2022-05-10 12:41:16,715 INFO o.h.d.Dialect [main] HHH000400: Using dialect: org.hibernate.dialect.H2Dialect
2022-05-10 12:41:16,866 INFO o.h.e.t.j.p.i.JtaPlatformInitiator [main] HHH000490: Using JtaPlatform implementation: [org.hibernate.engine.transaction.jta.platform.internal.NoJtaPlatform]
2022-05-10 12:41:16,875 INFO o.s.o.j.AbstractEntityManagerFactoryBean [main] Initialized JPA EntityManagerFactory for persistence unit 'default'
2022-05-10 12:41:16,919 WARN o.s.b.a.o.j.JpaBaseConfiguration$JpaWebConfiguration [main] spring.jpa.open-in-view is enabled by default. Therefore, database queries may be performed during view rendering. Explicitly configure spring.jpa.open-in-view to disable this warning
2022-05-10 12:41:17,184 INFO o.a.j.l.DirectJDKLog [main] Starting ProtocolHandler ["http-nio-8080"]
2022-05-10 12:41:17,199 INFO o.s.b.w.e.t.TomcatWebServer [main] Tomcat started on port(s): 8080 (http) with context path ''
2022-05-10 12:41:17,209 INFO o.s.b.StartupInfoLogger [main] Started RecruitmentTaskApplication in 2.49 seconds (JVM running for 3.334)
2022-05-10 12:41:22,195 INFO o.a.j.l.DirectJDKLog [http-nio-8080-exec-3] Initializing Spring DispatcherServlet 'dispatcherServlet'
2022-05-10 12:41:22,195 INFO o.s.w.s.FrameworkServlet [http-nio-8080-exec-3] Initializing Servlet 'dispatcherServlet'
2022-05-10 12:41:22,196 INFO o.s.w.s.FrameworkServlet [http-nio-8080-exec-3] Completed initialization in 0 ms
2022-05-10 12:41:22,261 INFO m.u.r.c.LoggingController [http-nio-8080-exec-3] An INFO Message
2022-05-10 12:41:22,261 WARN m.u.r.c.LoggingController [http-nio-8080-exec-3] A WARN Message
2022-05-10 12:41:22,261 ERROR m.u.r.c.LoggingController [http-nio-8080-exec-3] An ERROR Message
2022-05-10 12:51:16,840 INFO o.s.o.j.AbstractEntityManagerFactoryBean [SpringApplicationShutdownHook] Closing JPA EntityManagerFactory for persistence unit 'default'
2022-05-10 12:51:16,841 INFO o.h.t.s.i.SchemaDropperImpl$DelayedDropActionImpl [SpringApplicationShutdownHook] HHH000477: Starting delayed evictData of schema as part of SessionFactory shut-down'
2022-05-10 12:51:16,842 INFO c.z.h.HikariDataSource [SpringApplicationShutdownHook] HikariPool-1 - Shutdown initiated...
2022-05-10 12:51:16,844 INFO c.z.h.HikariDataSource [SpringApplicationShutdownHook] HikariPool-1 - Shutdown completed.
